c:\users\administrator\desktop\cheat\antegamecheatexec\antegamecheatexec\debug\vc142.pdb
c:\users\administrator\desktop\cheat\antegamecheatexec\antegamecheatexec\debug\vc142.idb
c:\users\administrator\desktop\cheat\antegamecheatexec\antegamecheatexec\debug\processoperation.obj
c:\users\administrator\desktop\cheat\antegamecheatexec\antegamecheatexec\debug\peoperation.obj
c:\users\administrator\desktop\cheat\antegamecheatexec\antegamecheatexec\debug\hidehook.obj
c:\users\administrator\desktop\cheat\antegamecheatexec\antegamecheatexec\debug\gamehook.obj
c:\users\administrator\desktop\cheat\antegamecheatexec\antegamecheatexec\debug\gamehack.obj
c:\users\administrator\desktop\cheat\antegamecheatexec\antegamecheatexec\debug\dllentry.obj
c:\users\administrator\desktop\cheat\antegamecheatexec\antegamecheatexec\debug\dbg.obj
c:\users\administrator\desktop\cheat\antegamecheatexec\antegamecheatexec\debug\crypto.obj
c:\users\administrator\desktop\cheat\antegamecheatexec\antegamecheatexec\debug\botan_all.obj
c:\users\administrator\desktop\cheat\antegamecheatexec\antegamecheatexec\debug\antiopenmore.obj
c:\users\administrator\desktop\cheat\antegamecheatexec\antegamecheatexec\debug\antiimm.obj
c:\users\administrator\desktop\cheat\antegamecheatexec\antegamecheatexec\debug\antihidelib.obj
c:\users\administrator\desktop\cheat\antegamecheatexec\antegamecheatexec\debug\anticreateprocess.obj
c:\users\administrator\desktop\cheat\antegamecheatexec\antegamecheatexec\debug\anticheatmain.obj
c:\users\administrator\desktop\cheat\antegamecheatexec\antegamecheatexec\debug\antiapc.obj
c:\users\administrator\desktop\cheat\antegamecheatexec\antegamecheatexec\debug\antegamecheatexec.obj
c:\users\administrator\desktop\cheat\antegamecheatexec\antegamecheatexec\debug\router.obj
c:\users\administrator\desktop\cheat\antegamecheatexec\antegamecheatexec\debug\fileversioninfo.obj
c:\users\administrator\desktop\cheat\antegamecheatexec\antegamecheatexec\debug\checkloop.obj
c:\users\administrator\desktop\cheat\antegamecheatexec\antegamecheatexec\debug\antegame.51a941f1.tlog\cl.command.1.tlog
c:\users\administrator\desktop\cheat\antegamecheatexec\antegamecheatexec\debug\antegame.51a941f1.tlog\cl.read.1.tlog
c:\users\administrator\desktop\cheat\antegamecheatexec\antegamecheatexec\debug\antegame.51a941f1.tlog\cl.write.1.tlog
